<?xml version="1.0" encoding="UTF-8"?>
<!-- Generated by org.testng.reporters.JUnitReportReporter -->
<testsuite hostname="DESKTOP-9J9FIH8" failures="0" tests="2" name="seleniumJava.Testing4" time="0.081" errors="0" timestamp="2023-11-20T20:49:04 BDT" skipped="0">
  <testcase classname="seleniumJava.Testing4" name="Titlecheck" time="0.069"/>
  <system-out/>
  <testcase classname="seleniumJava.Testing4" name="xCheckURL" time="0.012"/>
  <system-out/>
</testsuite> <!-- seleniumJava.Testing4 -->
